[2017-07-13 14:02:58.362] [jointLog] [info] parsing read library format
[2017-07-13 14:02:58.362] [jointLog] [info] There is 1 library.
[2017-07-13 14:02:58.458] [jointLog] [info] Loading Quasi index
[2017-07-13 14:02:58.459] [jointLog] [info] Loading 32-bit quasi index
[2017-07-13 14:03:07.231] [jointLog] [info] done
[2017-07-13 14:03:07.231] [jointLog] [info] Index contained 199324 targets
[2017-07-13 14:04:40.043] [fileLog] [info] 
At end of round 0
==================
Observed 22935521 total fragments (22935521 in most recent round)

[2017-07-13 14:04:40.043] [jointLog] [info] Computed 320607 rich equivalence classes for further processing
[2017-07-13 14:04:40.043] [jointLog] [info] Counted 21397919 total reads in the equivalence classes 
[2017-07-13 14:04:40.062] [jointLog] [info] Mapping rate = 93.296%

[2017-07-13 14:04:40.062] [jointLog] [info] finished quantifyLibrary()
[2017-07-13 14:04:40.103] [jointLog] [info] Starting optimizer
[2017-07-13 14:04:40.351] [jointLog] [info] Marked 0 weighted equivalence classes as degenerate
[2017-07-13 14:04:40.362] [jointLog] [info] iteration = 0 | max rel diff. = 61.7099
[2017-07-13 14:04:41.531] [jointLog] [info] iteration = 100 | max rel diff. = 0.0990171
[2017-07-13 14:04:42.702] [jointLog] [info] iteration = 200 | max rel diff. = 0.058171
[2017-07-13 14:04:43.873] [jointLog] [info] iteration = 300 | max rel diff. = 0.042149
[2017-07-13 14:04:45.045] [jointLog] [info] iteration = 400 | max rel diff. = 0.0478034
[2017-07-13 14:04:46.220] [jointLog] [info] iteration = 500 | max rel diff. = 0.0228861
[2017-07-13 14:04:47.395] [jointLog] [info] iteration = 600 | max rel diff. = 0.0235507
[2017-07-13 14:04:48.575] [jointLog] [info] iteration = 700 | max rel diff. = 0.0174735
[2017-07-13 14:04:49.756] [jointLog] [info] iteration = 800 | max rel diff. = 0.014069
[2017-07-13 14:04:50.940] [jointLog] [info] iteration = 900 | max rel diff. = 0.0140204
[2017-07-13 14:04:52.132] [jointLog] [info] iteration = 1000 | max rel diff. = 0.0140204
[2017-07-13 14:04:53.327] [jointLog] [info] iteration = 1100 | max rel diff. = 0.0104992
[2017-07-13 14:04:53.747] [jointLog] [info] iteration = 1136 | max rel diff. = 0.00978194
[2017-07-13 14:04:53.765] [jointLog] [info] Finished optimizer
[2017-07-13 14:04:53.765] [jointLog] [info] writing output 

