[2017-07-13 13:58:39.935] [jointLog] [info] parsing read library format
[2017-07-13 13:58:39.935] [jointLog] [info] There is 1 library.
[2017-07-13 13:58:40.002] [jointLog] [info] Loading Quasi index
[2017-07-13 13:58:40.010] [jointLog] [info] Loading 32-bit quasi index
[2017-07-13 13:58:49.790] [jointLog] [info] done
[2017-07-13 13:58:49.790] [jointLog] [info] Index contained 199324 targets
[2017-07-13 14:00:31.333] [jointLog] [info] Computed 313293 rich equivalence classes for further processing
[2017-07-13 14:00:31.333] [jointLog] [info] Counted 19936645 total reads in the equivalence classes 
[2017-07-13 14:00:31.351] [jointLog] [info] Mapping rate = 93.7053%

[2017-07-13 14:00:31.351] [jointLog] [info] finished quantifyLibrary()
[2017-07-13 14:00:31.366] [jointLog] [info] Starting optimizer
[2017-07-13 14:00:31.333] [fileLog] [info] 
At end of round 0
==================
Observed 21275888 total fragments (21275888 in most recent round)

[2017-07-13 14:00:44.519] [jointLog] [info] Marked 0 weighted equivalence classes as degenerate
[2017-07-13 14:00:44.530] [jointLog] [info] iteration = 0 | max rel diff. = 61.6867
[2017-07-13 14:00:45.710] [jointLog] [info] iteration = 100 | max rel diff. = 0.102711
[2017-07-13 14:00:46.897] [jointLog] [info] iteration = 200 | max rel diff. = 0.0565983
[2017-07-13 14:00:48.085] [jointLog] [info] iteration = 300 | max rel diff. = 0.0371792
[2017-07-13 14:00:49.270] [jointLog] [info] iteration = 400 | max rel diff. = 0.0290069
[2017-07-13 14:00:50.457] [jointLog] [info] iteration = 500 | max rel diff. = 0.0210833
[2017-07-13 14:00:51.645] [jointLog] [info] iteration = 600 | max rel diff. = 0.0192699
[2017-07-13 14:00:52.837] [jointLog] [info] iteration = 700 | max rel diff. = 0.0171235
[2017-07-13 14:00:54.032] [jointLog] [info] iteration = 800 | max rel diff. = 0.015347
[2017-07-13 14:00:55.231] [jointLog] [info] iteration = 900 | max rel diff. = 0.015347
[2017-07-13 14:00:56.434] [jointLog] [info] iteration = 1000 | max rel diff. = 0.0126708
[2017-07-13 14:00:57.642] [jointLog] [info] iteration = 1100 | max rel diff. = 0.0102263
[2017-07-13 14:00:58.358] [jointLog] [info] iteration = 1160 | max rel diff. = 0.00956697
[2017-07-13 14:00:58.381] [jointLog] [info] Finished optimizer
[2017-07-13 14:00:58.381] [jointLog] [info] writing output 

