[2017-07-13 14:01:00.107] [jointLog] [info] parsing read library format
[2017-07-13 14:01:00.107] [jointLog] [info] There is 1 library.
[2017-07-13 14:01:00.187] [jointLog] [info] Loading Quasi index
[2017-07-13 14:01:00.188] [jointLog] [info] Loading 32-bit quasi index
[2017-07-13 14:01:08.621] [jointLog] [info] done
[2017-07-13 14:01:08.621] [jointLog] [info] Index contained 199324 targets
[2017-07-13 14:02:42.765] [fileLog] [info] 
At end of round 0
==================
Observed 23487860 total fragments (23487860 in most recent round)

[2017-07-13 14:02:42.764] [jointLog] [info] Computed 308533 rich equivalence classes for further processing
[2017-07-13 14:02:42.764] [jointLog] [info] Counted 22134601 total reads in the equivalence classes 
[2017-07-13 14:02:42.782] [jointLog] [info] Mapping rate = 94.2385%

[2017-07-13 14:02:42.782] [jointLog] [info] finished quantifyLibrary()
[2017-07-13 14:02:43.058] [jointLog] [info] Starting optimizer
[2017-07-13 14:02:43.242] [jointLog] [info] Marked 0 weighted equivalence classes as degenerate
[2017-07-13 14:02:43.253] [jointLog] [info] iteration = 0 | max rel diff. = 60.9571
[2017-07-13 14:02:44.376] [jointLog] [info] iteration = 100 | max rel diff. = 0.10292
[2017-07-13 14:02:45.500] [jointLog] [info] iteration = 200 | max rel diff. = 0.0657935
[2017-07-13 14:02:46.626] [jointLog] [info] iteration = 300 | max rel diff. = 0.0374521
[2017-07-13 14:02:47.753] [jointLog] [info] iteration = 400 | max rel diff. = 0.0303321
[2017-07-13 14:02:48.884] [jointLog] [info] iteration = 500 | max rel diff. = 0.0225206
[2017-07-13 14:02:50.015] [jointLog] [info] iteration = 600 | max rel diff. = 0.020486
[2017-07-13 14:02:51.148] [jointLog] [info] iteration = 700 | max rel diff. = 0.0162871
[2017-07-13 14:02:52.286] [jointLog] [info] iteration = 800 | max rel diff. = 0.0162871
[2017-07-13 14:02:53.427] [jointLog] [info] iteration = 900 | max rel diff. = 0.0133318
[2017-07-13 14:02:54.574] [jointLog] [info] iteration = 1000 | max rel diff. = 0.0133319
[2017-07-13 14:02:55.726] [jointLog] [info] iteration = 1100 | max rel diff. = 0.0103463
[2017-07-13 14:02:56.188] [jointLog] [info] iteration = 1141 | max rel diff. = 0.0097429
[2017-07-13 14:02:56.204] [jointLog] [info] Finished optimizer
[2017-07-13 14:02:56.204] [jointLog] [info] writing output 

